E:\_VII_SEMESTR\PGK\PRACOWNIA_2\PGK2\DEBUG\PGK1.EXE
E:\_VII_SEMESTR\PGK\PRACOWNIA_2\PGK2\DEBUG\PGK1.ILK
E:\_VII_SEMESTR\PGK\PRACOWNIA_2\PGK2\DEBUG\PGK1.PDB
E:\_VII_semestr\PGK\pracownia_2\PGK2\PGK1\Debug\cl.command.1.tlog
E:\_VII_semestr\PGK\pracownia_2\PGK2\PGK1\Debug\CL.read.1.tlog
E:\_VII_semestr\PGK\pracownia_2\PGK2\PGK1\Debug\CL.write.1.tlog
E:\_VII_SEMESTR\PGK\PRACOWNIA_2\PGK2\PGK1\DEBUG\GAMES.OBJ
E:\_VII_semestr\PGK\pracownia_2\PGK2\PGK1\Debug\link.4408.read.1.tlog
E:\_VII_semestr\PGK\pracownia_2\PGK2\PGK1\Debug\link.4408.write.1.tlog
E:\_VII_semestr\PGK\pracownia_2\PGK2\PGK1\Debug\link.4408-cvtres.read.1.tlog
E:\_VII_semestr\PGK\pracownia_2\PGK2\PGK1\Debug\link.4408-cvtres.write.1.tlog
E:\_VII_semestr\PGK\pracownia_2\PGK2\PGK1\Debug\link.command.1.tlog
E:\_VII_semestr\PGK\pracownia_2\PGK2\PGK1\Debug\link.read.1.tlog
E:\_VII_semestr\PGK\pracownia_2\PGK2\PGK1\Debug\link.write.1.tlog
E:\_VII_semestr\PGK\pracownia_2\PGK2\PGK1\Debug\link-cvtres.read.1.tlog
E:\_VII_semestr\PGK\pracownia_2\PGK2\PGK1\Debug\link-cvtres.write.1.tlog
E:\_VII_semestr\PGK\pracownia_2\PGK2\PGK1\Debug\mt.command.1.tlog
E:\_VII_semestr\PGK\pracownia_2\PGK2\PGK1\Debug\mt.read.1.tlog
E:\_VII_semestr\PGK\pracownia_2\PGK2\PGK1\Debug\mt.write.1.tlog
E:\_VII_SEMESTR\PGK\PRACOWNIA_2\PGK2\PGK1\DEBUG\PGK1.EXE.EMBED.MANIFEST
E:\_VII_SEMESTR\PGK\PRACOWNIA_2\PGK2\PGK1\DEBUG\PGK1.EXE.EMBED.MANIFEST.RES
E:\_VII_SEMESTR\PGK\PRACOWNIA_2\PGK2\PGK1\DEBUG\PGK1.EXE.INTERMEDIATE.MANIFEST
E:\_VII_semestr\PGK\pracownia_2\PGK2\PGK1\Debug\PGK1.write.1.tlog
E:\_VII_semestr\PGK\pracownia_2\PGK2\PGK1\Debug\PGK1_manifest.rc
E:\_VII_semestr\PGK\pracownia_2\PGK2\PGK1\Debug\rc.command.1.tlog
E:\_VII_semestr\PGK\pracownia_2\PGK2\PGK1\Debug\rc.read.1.tlog
E:\_VII_semestr\PGK\pracownia_2\PGK2\PGK1\Debug\rc.write.1.tlog
E:\_VII_SEMESTR\PGK\PRACOWNIA_2\PGK2\PGK1\DEBUG\SHADER.OBJ
E:\_VII_SEMESTR\PGK\PRACOWNIA_2\PGK2\PGK1\DEBUG\TUTORIAL02.OBJ
E:\_VII_semestr\PGK\pracownia_2\PGK2\PGK1\Debug\vc100.idb
E:\_VII_SEMESTR\PGK\PRACOWNIA_2\PGK2\PGK1\DEBUG\VC100.PDB
